

Microchip MPLAB XC8 Assembler V2.40 build 20220703182018 
                                                                                               Wed Feb 15 18:00:07 2023

Microchip MPLAB XC8 C Compiler v2.40 (Free license) build 20220703182018 Og1 
     1                           	processor	16F877A
     2                           	pagewidth 120
     3                           	opt	flic
     4                           	psect	cinit,global,class=CODE,merge=1,delta=2
     5                           	psect	bssBANK0,global,class=BANK0,space=1,delta=1,noexec
     6                           	psect	cstackCOMMON,global,class=COMMON,space=1,delta=1,noexec
     7                           	psect	cstackBANK0,global,class=BANK0,space=1,delta=1,noexec
     8                           	psect	maintext,global,class=CODE,split=1,delta=2
     9                           	psect	text1,local,class=CODE,merge=1,delta=2
    10                           	psect	text2,local,class=CODE,merge=1,delta=2
    11                           	psect	text3,local,class=CODE,merge=1,delta=2,group=1
    12                           	psect	text4,local,class=CODE,merge=1,delta=2,group=1
    13                           	psect	text5,local,class=CODE,merge=1,delta=2
    14                           	psect	text6,local,class=CODE,merge=1,delta=2
    15                           	dabs	1,0x7E,2
    16     0000                     
    17                           ; Version 2.20
    18                           ; Generated 12/02/2020 GMT
    19                           ; 
    20                           ; Copyright © 2020, Microchip Technology Inc. and its subsidiaries ("Microchip")
    21                           ; All rights reserved.
    22                           ; 
    23                           ; This software is developed by Microchip Technology Inc. and its subsidiaries ("Microch
      +                          ip").
    24                           ; 
    25                           ; Redistribution and use in source and binary forms, with or without modification, are
    26                           ; permitted provided that the following conditions are met:
    27                           ; 
    28                           ;     1. Redistributions of source code must retain the above copyright notice, this lis
      +                          t of
    29                           ;        conditions and the following disclaimer.
    30                           ; 
    31                           ;     2. Redistributions in binary form must reproduce the above copyright notice, this 
      +                          list
    32                           ;        of conditions and the following disclaimer in the documentation and/or other
    33                           ;        materials provided with the distribution.
    34                           ; 
    35                           ;     3. Microchip's name may not be used to endorse or promote products derived from th
      +                          is
    36                           ;        software without specific prior written permission.
    37                           ; 
    38                           ; THIS SOFTWARE IS PROVIDED BY MICROCHIP "AS IS" AND ANY EXPRESS OR IMPLIED WARRANTIES,
    39                           ; INCLUDING, BUT NOT LIMITED TO, THE IMPLIED WARRANTIES OF MERCHANTABILITY AND FITNESS F
      +                          OR
    40                           ; PURPOSE ARE DISCLAIMED.  IN NO EVENT SHALL MICROCHIP BE LIABLE FOR ANY DIRECT, INDIREC
      +                          T,
    41                           ; INCIDENTAL, SPECIAL, EXEMPLARY, OR CONSEQUENTIAL DAMAGES (INCLUDING BUT NOT LIMITED TO
    42                           ; PROCUREMENT OF SUBSTITUTE GOODS OR SERVICES; LOSS OF USE, DATA OR PROFITS; OR BUSINESS
    43                           ; INTERRUPTION) HOWSOEVER CAUSED AND ON ANY THEORY OF LIABILITY, WHETHER IN CONTRACT, ST
      +                          RICT
    44                           ; LIABILITY, OR TORT (INCLUDING NEGLIGENCE OR OTHERWISE) ARISING IN ANY WAY OUT OF THE U
      +                          SE OF
    45                           ; THIS SOFTWARE, EVEN IF ADVISED OF THE POSSIBILITY OF SUCH DAMAGE.
    46                           ; 
    47                           ; 
    48                           ; Code-generator required, PIC16F877A Definitions
    49                           ; 
    50                           ; SFR Addresses
    51     0000                     	;# 
    52     0001                     	;# 
    53     0002                     	;# 
    54     0003                     	;# 
    55     0004                     	;# 
    56     0005                     	;# 
    57     0006                     	;# 
    58     0007                     	;# 
    59     0008                     	;# 
    60     0009                     	;# 
    61     000A                     	;# 
    62     000B                     	;# 
    63     000C                     	;# 
    64     000D                     	;# 
    65     000E                     	;# 
    66     000E                     	;# 
    67     000F                     	;# 
    68     0010                     	;# 
    69     0011                     	;# 
    70     0012                     	;# 
    71     0013                     	;# 
    72     0014                     	;# 
    73     0015                     	;# 
    74     0015                     	;# 
    75     0016                     	;# 
    76     0017                     	;# 
    77     0018                     	;# 
    78     0019                     	;# 
    79     001A                     	;# 
    80     001B                     	;# 
    81     001B                     	;# 
    82     001C                     	;# 
    83     001D                     	;# 
    84     001E                     	;# 
    85     001F                     	;# 
    86     0081                     	;# 
    87     0085                     	;# 
    88     0086                     	;# 
    89     0087                     	;# 
    90     0088                     	;# 
    91     0089                     	;# 
    92     008C                     	;# 
    93     008D                     	;# 
    94     008E                     	;# 
    95     0091                     	;# 
    96     0092                     	;# 
    97     0093                     	;# 
    98     0094                     	;# 
    99     0098                     	;# 
   100     0099                     	;# 
   101     009C                     	;# 
   102     009D                     	;# 
   103     009E                     	;# 
   104     009F                     	;# 
   105     010C                     	;# 
   106     010D                     	;# 
   107     010E                     	;# 
   108     010F                     	;# 
   109     018C                     	;# 
   110     018D                     	;# 
   111     0000                     	;# 
   112     0001                     	;# 
   113     0002                     	;# 
   114     0003                     	;# 
   115     0004                     	;# 
   116     0005                     	;# 
   117     0006                     	;# 
   118     0007                     	;# 
   119     0008                     	;# 
   120     0009                     	;# 
   121     000A                     	;# 
   122     000B                     	;# 
   123     000C                     	;# 
   124     000D                     	;# 
   125     000E                     	;# 
   126     000E                     	;# 
   127     000F                     	;# 
   128     0010                     	;# 
   129     0011                     	;# 
   130     0012                     	;# 
   131     0013                     	;# 
   132     0014                     	;# 
   133     0015                     	;# 
   134     0015                     	;# 
   135     0016                     	;# 
   136     0017                     	;# 
   137     0018                     	;# 
   138     0019                     	;# 
   139     001A                     	;# 
   140     001B                     	;# 
   141     001B                     	;# 
   142     001C                     	;# 
   143     001D                     	;# 
   144     001E                     	;# 
   145     001F                     	;# 
   146     0081                     	;# 
   147     0085                     	;# 
   148     0086                     	;# 
   149     0087                     	;# 
   150     0088                     	;# 
   151     0089                     	;# 
   152     008C                     	;# 
   153     008D                     	;# 
   154     008E                     	;# 
   155     0091                     	;# 
   156     0092                     	;# 
   157     0093                     	;# 
   158     0094                     	;# 
   159     0098                     	;# 
   160     0099                     	;# 
   161     009C                     	;# 
   162     009D                     	;# 
   163     009E                     	;# 
   164     009F                     	;# 
   165     010C                     	;# 
   166     010D                     	;# 
   167     010E                     	;# 
   168     010F                     	;# 
   169     018C                     	;# 
   170     018D                     	;# 
   171     0013                     _SSPBUF	set	19
   172     0014                     _SSPCON	set	20
   173     002D                     _RA5	set	45
   174     0063                     _SSPIF	set	99
   175     0094                     _SSPSTAT	set	148
   176                           
   177                           	psect	cinit
   178     07F9                     start_initialization:	
   179                           ; #config settings
   180                           
   181     07F9                     __initialization:
   182                           
   183                           ; Clear objects allocated to BANK0
   184     07F9  1283               	bcf	3,5	;RP0=0, select bank0
   185     07FA  1303               	bcf	3,6	;RP1=0, select bank0
   186     07FB  01B6               	clrf	__pbssBANK0& (0+127)
   187     07FC                     end_of_initialization:	
   188                           ;End of C runtime variable initialization code
   189                           
   190     07FC                     __end_of__initialization:
   191     07FC  0183               	clrf	3
   192     07FD  120A  118A  2EEF   	ljmp	_main	;jump to C main() function
   193                           
   194                           	psect	bssBANK0
   195     0036                     __pbssBANK0:
   196     0036                     _i:
   197     0036                     	ds	1
   198                           
   199                           	psect	cstackCOMMON
   200     0070                     __pcstackCOMMON:
   201     0070                     ?_spi_init:
   202     0070                     ??_spi_init:	
   203                           ; 1 bytes @ 0x0
   204                           
   205     0070                     ?_spiWrite:	
   206                           ; 1 bytes @ 0x0
   207                           
   208     0070                     ??_spiWrite:	
   209                           ; 1 bytes @ 0x0
   210                           
   211     0070                     ?_main:	
   212                           ; 1 bytes @ 0x0
   213                           
   214     0070                     ?___lldiv:	
   215                           ; 1 bytes @ 0x0
   216                           
   217     0070                     ?___llmod:	
   218                           ; 4 bytes @ 0x0
   219                           
   220     0070                     ___lldiv@divisor:	
   221                           ; 4 bytes @ 0x0
   222                           
   223     0070                     ___llmod@divisor:	
   224                           ; 4 bytes @ 0x0
   225                           
   226                           
   227                           ; 4 bytes @ 0x0
   228     0070                     	ds	3
   229     0073                     spiWrite@cmd:
   230                           
   231                           ; 1 bytes @ 0x3
   232     0073                     	ds	1
   233     0074                     ?_MAX7219_write:
   234     0074                     MAX7219_write@data1:	
   235                           ; 1 bytes @ 0x4
   236                           
   237     0074                     ___lldiv@dividend:	
   238                           ; 1 bytes @ 0x4
   239                           
   240     0074                     ___llmod@dividend:	
   241                           ; 4 bytes @ 0x4
   242                           
   243                           
   244                           ; 4 bytes @ 0x4
   245     0074                     	ds	1
   246     0075                     ??_MAX7219_write:
   247     0075                     MAX7219_write@reg1:	
   248                           ; 1 bytes @ 0x5
   249                           
   250                           
   251                           ; 1 bytes @ 0x5
   252     0075                     	ds	3
   253     0078                     ??___lldiv:
   254     0078                     ??___llmod:	
   255                           ; 1 bytes @ 0x8
   256                           
   257                           
   258                           ; 1 bytes @ 0x8
   259     0078                     	ds	1
   260     0079                     ___llmod@counter:
   261     0079                     ___lldiv@quotient:	
   262                           ; 1 bytes @ 0x9
   263                           
   264                           
   265                           ; 4 bytes @ 0x9
   266     0079                     	ds	4
   267     007D                     ___lldiv@counter:
   268                           
   269                           ; 1 bytes @ 0xD
   270     007D                     	ds	1
   271                           
   272                           	psect	cstackBANK0
   273     0020                     __pcstackBANK0:
   274     0020                     ?_Max7219Print:
   275     0020                     Max7219Print@Number:	
   276                           ; 1 bytes @ 0x0
   277                           
   278                           
   279                           ; 4 bytes @ 0x0
   280     0020                     	ds	4
   281     0024                     Max7219Print@NumberOfDigits:
   282                           
   283                           ; 2 bytes @ 0x4
   284     0024                     	ds	2
   285     0026                     ??_Max7219Print:
   286                           
   287                           ; 1 bytes @ 0x6
   288     0026                     	ds	8
   289     002E                     Max7219Print@j:
   290                           
   291                           ; 4 bytes @ 0xE
   292     002E                     	ds	4
   293     0032                     ??_main:
   294                           
   295                           ; 1 bytes @ 0x12
   296     0032                     	ds	4
   297                           
   298                           	psect	maintext
   299     06EF                     __pmaintext:	
   300 ;;
   301 ;;Main: autosize = 0, tempsize = 4, incstack = 0, save=0
   302 ;;
   303 ;; *************** function _main *****************
   304 ;; Defined at:
   305 ;;		line 53 in file "max.c"
   306 ;; Parameters:    Size  Location     Type
   307 ;;		None
   308 ;; Auto vars:     Size  Location     Type
   309 ;;		None
   310 ;; Return value:  Size  Location     Type
   311 ;;                  1    wreg      void 
   312 ;; Registers used:
   313 ;;		wreg, status,2, status,0, pclath, cstack
   314 ;; Tracked objects:
   315 ;;		On entry : B00/0
   316 ;;		On exit  : 0/0
   317 ;;		Unchanged: 0/0
   318 ;; Data sizes:     COMMON   BANK0   BANK1   BANK3   BANK2
   319 ;;      Params:         0       0       0       0       0
   320 ;;      Locals:         0       0       0       0       0
   321 ;;      Temps:          0       4       0       0       0
   322 ;;      Totals:         0       4       0       0       0
   323 ;;Total ram usage:        4 bytes
   324 ;; Hardware stack levels required when called: 2
   325 ;; This function calls:
   326 ;;		_MAX7219_write
   327 ;;		_Max7219Print
   328 ;;		_spi_init
   329 ;; This function is called by:
   330 ;;		Startup code after reset
   331 ;; This function uses a non-reentrant model
   332 ;;
   333                           
   334     06EF                     _main:	
   335                           ;psect for function _main
   336                           
   337     06EF                     l790:	
   338                           ;incstack = 0
   339                           ; Regs used in _main: [wreg+status,2+status,0+pclath+cstack]
   340                           
   341                           
   342                           ;max.c: 55:   spi_init();
   343     06EF  120A  118A  2601  120A  118A  	fcall	_spi_init
   344                           
   345                           ;max.c: 56:   MAX7219_write(0X0C,0X01);
   346     06F4  01F4               	clrf	MAX7219_write@data1
   347     06F5  0AF4               	incf	MAX7219_write@data1,f
   348     06F6  300C               	movlw	12
   349     06F7  120A  118A  2609  120A  118A  	fcall	_MAX7219_write
   350                           
   351                           ;max.c: 57:   MAX7219_write(0X0F,0X00);
   352     06FC  01F4               	clrf	MAX7219_write@data1
   353     06FD  300F               	movlw	15
   354     06FE  120A  118A  2609  120A  118A  	fcall	_MAX7219_write
   355                           
   356                           ;max.c: 58:   MAX7219_write(0X0A,0X0F);
   357     0703  300F               	movlw	15
   358     0704  00F4               	movwf	MAX7219_write@data1
   359     0705  300A               	movlw	10
   360     0706  120A  118A  2609  120A  118A  	fcall	_MAX7219_write
   361                           
   362                           ;max.c: 59:   MAX7219_write(0X09,0XFF);
   363     070B  30FF               	movlw	255
   364     070C  00F4               	movwf	MAX7219_write@data1
   365     070D  3009               	movlw	9
   366     070E  120A  118A  2609  120A  118A  	fcall	_MAX7219_write
   367                           
   368                           ;max.c: 60:   MAX7219_write(0X0F,0X01);
   369     0713  01F4               	clrf	MAX7219_write@data1
   370     0714  0AF4               	incf	MAX7219_write@data1,f
   371     0715  300F               	movlw	15
   372     0716  120A  118A  2609  120A  118A  	fcall	_MAX7219_write
   373                           
   374                           ;max.c: 61:   MAX7219_write(0X0F,0X00);
   375     071B  01F4               	clrf	MAX7219_write@data1
   376     071C  300F               	movlw	15
   377     071D  120A  118A  2609  120A  118A  	fcall	_MAX7219_write
   378     0722                     l792:
   379                           
   380                           ;max.c: 63:   {;max.c: 64:     for(i=0;i<99;i++)
   381     0722  1283               	bcf	3,5	;RP0=0, select bank0
   382     0723  1303               	bcf	3,6	;RP1=0, select bank0
   383     0724  01B6               	clrf	_i
   384     0725                     l798:
   385                           
   386                           ;max.c: 65:     {;max.c: 66:        Max7219Print(i,7);
   387     0725  0836               	movf	_i,w
   388     0726  00B2               	movwf	??_main
   389     0727  01B3               	clrf	??_main+1
   390     0728  01B4               	clrf	??_main+2
   391     0729  01B5               	clrf	??_main+3
   392     072A  0835               	movf	??_main+3,w
   393     072B  00A3               	movwf	Max7219Print@Number+3
   394     072C  0834               	movf	??_main+2,w
   395     072D  00A2               	movwf	Max7219Print@Number+2
   396     072E  0833               	movf	??_main+1,w
   397     072F  00A1               	movwf	Max7219Print@Number+1
   398     0730  0832               	movf	??_main,w
   399     0731  00A0               	movwf	Max7219Print@Number
   400     0732  3007               	movlw	7
   401     0733  00A4               	movwf	Max7219Print@NumberOfDigits
   402     0734  3000               	movlw	0
   403     0735  00A5               	movwf	Max7219Print@NumberOfDigits+1
   404     0736  120A  118A  275A  120A  118A  	fcall	_Max7219Print
   405     073B                     l800:
   406                           
   407                           ;max.c: 67:       _delay((unsigned long)((100)*(16000000/4000.0)));
   408     073B  3003               	movlw	3
   409     073C  1283               	bcf	3,5	;RP0=0, select bank0
   410     073D  1303               	bcf	3,6	;RP1=0, select bank0
   411     073E  00B4               	movwf	??_main+2
   412     073F  3008               	movlw	8
   413     0740  00B3               	movwf	??_main+1
   414     0741  3076               	movlw	118
   415     0742  00B2               	movwf	??_main
   416     0743                     u377:
   417     0743  0BB2               	decfsz	??_main,f
   418     0744  2F43               	goto	u377
   419     0745  0BB3               	decfsz	??_main+1,f
   420     0746  2F43               	goto	u377
   421     0747  0BB4               	decfsz	??_main+2,f
   422     0748  2F43               	goto	u377
   423     0749  0000               	nop
   424     074A                     l802:
   425                           
   426                           ;max.c: 68:     }
   427     074A  3001               	movlw	1
   428     074B  1283               	bcf	3,5	;RP0=0, select bank0
   429     074C  1303               	bcf	3,6	;RP1=0, select bank0
   430     074D  00B2               	movwf	??_main
   431     074E  0832               	movf	??_main,w
   432     074F  07B6               	addwf	_i,f
   433     0750                     l804:
   434     0750  3063               	movlw	99
   435     0751  0236               	subwf	_i,w
   436     0752  1C03               	skipc
   437     0753  2F55               	goto	u361
   438     0754  2F56               	goto	u360
   439     0755                     u361:
   440     0755  2F25               	goto	l798
   441     0756                     u360:
   442     0756  2F22               	goto	l792
   443     0757  120A  118A  2800   	ljmp	start
   444     075A                     __end_of_main:
   445                           
   446                           	psect	text1
   447     0601                     __ptext1:	
   448 ;; *************** function _spi_init *****************
   449 ;; Defined at:
   450 ;;		line 16 in file "max.c"
   451 ;; Parameters:    Size  Location     Type
   452 ;;		None
   453 ;; Auto vars:     Size  Location     Type
   454 ;;		None
   455 ;; Return value:  Size  Location     Type
   456 ;;                  1    wreg      void 
   457 ;; Registers used:
   458 ;;		wreg, status,2
   459 ;; Tracked objects:
   460 ;;		On entry : 0/0
   461 ;;		On exit  : 0/0
   462 ;;		Unchanged: 0/0
   463 ;; Data sizes:     COMMON   BANK0   BANK1   BANK3   BANK2
   464 ;;      Params:         0       0       0       0       0
   465 ;;      Locals:         0       0       0       0       0
   466 ;;      Temps:          0       0       0       0       0
   467 ;;      Totals:         0       0       0       0       0
   468 ;;Total ram usage:        0 bytes
   469 ;; Hardware stack levels used: 1
   470 ;; This function calls:
   471 ;;		Nothing
   472 ;; This function is called by:
   473 ;;		_main
   474 ;; This function uses a non-reentrant model
   475 ;;
   476                           
   477     0601                     _spi_init:	
   478                           ;psect for function _spi_init
   479                           
   480     0601                     l768:	
   481                           ;incstack = 0
   482                           ; Regs used in _spi_init: [wreg+status,2]
   483                           
   484                           
   485                           ;max.c: 19:         SSPCON = 0x20;
   486     0601  3020               	movlw	32
   487     0602  1283               	bcf	3,5	;RP0=0, select bank0
   488     0603  1303               	bcf	3,6	;RP1=0, select bank0
   489     0604  0094               	movwf	20	;volatile
   490     0605                     l770:
   491                           
   492                           ;max.c: 20:         SSPSTAT = 0x00;
   493     0605  1683               	bsf	3,5	;RP0=1, select bank1
   494     0606  1303               	bcf	3,6	;RP1=0, select bank1
   495     0607  0194               	clrf	20	;volatile
   496     0608                     l15:
   497     0608  0008               	return
   498     0609                     __end_of_spi_init:
   499                           
   500                           	psect	text2
   501     075A                     __ptext2:	
   502 ;; *************** function _Max7219Print *****************
   503 ;; Defined at:
   504 ;;		line 40 in file "max.c"
   505 ;; Parameters:    Size  Location     Type
   506 ;;  Number          4    0[BANK0 ] unsigned long 
   507 ;;  NumberOfDigi    2    4[BANK0 ] unsigned short 
   508 ;; Auto vars:     Size  Location     Type
   509 ;;  j               4   14[BANK0 ] long 
   510 ;; Return value:  Size  Location     Type
   511 ;;                  1    wreg      void 
   512 ;; Registers used:
   513 ;;		wreg, status,2, status,0, pclath, cstack
   514 ;; Tracked objects:
   515 ;;		On entry : 0/0
   516 ;;		On exit  : 0/0
   517 ;;		Unchanged: 0/0
   518 ;; Data sizes:     COMMON   BANK0   BANK1   BANK3   BANK2
   519 ;;      Params:         0       6       0       0       0
   520 ;;      Locals:         0       4       0       0       0
   521 ;;      Temps:          0       8       0       0       0
   522 ;;      Totals:         0      18       0       0       0
   523 ;;Total ram usage:       18 bytes
   524 ;; Hardware stack levels used: 1
   525 ;; Hardware stack levels required when called: 1
   526 ;; This function calls:
   527 ;;		___lldiv
   528 ;;		___llmod
   529 ;;		_spiWrite
   530 ;; This function is called by:
   531 ;;		_main
   532 ;; This function uses a non-reentrant model
   533 ;;
   534                           
   535     075A                     _Max7219Print:	
   536                           ;psect for function _Max7219Print
   537                           
   538     075A                     l778:	
   539                           ;incstack = 0
   540                           ; Regs used in _Max7219Print: [wreg+status,2+status,0+pclath+cstack]
   541                           
   542                           
   543                           ;max.c: 40: void Max7219Print(unsigned long Number, unsigned short NumberOfDigits);max.c
      +                          : 41: {;max.c: 42:   long j;;max.c: 43:   for(j=1;Number>0||j-NumberOfDigits<=0;Number/=
      +                          10,j++)
   544     075A  3000               	movlw	0
   545     075B  1283               	bcf	3,5	;RP0=0, select bank0
   546     075C  1303               	bcf	3,6	;RP1=0, select bank0
   547     075D  00B1               	movwf	Max7219Print@j+3
   548     075E  3000               	movlw	0
   549     075F  00B0               	movwf	Max7219Print@j+2
   550     0760  3000               	movlw	0
   551     0761  00AF               	movwf	Max7219Print@j+1
   552     0762  3001               	movlw	1
   553     0763  00AE               	movwf	Max7219Print@j
   554     0764  2FBB               	goto	l786
   555     0765                     l28:
   556                           
   557                           ;max.c: 44:   {;max.c: 45:      RA5=0;
   558     0765  1283               	bcf	3,5	;RP0=0, select bank0
   559     0766  1303               	bcf	3,6	;RP1=0, select bank0
   560     0767  1285               	bcf	5,5	;volatile
   561     0768                     l780:
   562                           
   563                           ;max.c: 46:     spiWrite(j);
   564     0768  082E               	movf	Max7219Print@j,w
   565     0769  120A  118A  261D  120A  118A  	fcall	_spiWrite
   566                           
   567                           ;max.c: 47:     spiWrite(Number%10);
   568     076E  3000               	movlw	0
   569     076F  00F3               	movwf	___llmod@divisor+3
   570     0770  3000               	movlw	0
   571     0771  00F2               	movwf	___llmod@divisor+2
   572     0772  3000               	movlw	0
   573     0773  00F1               	movwf	___llmod@divisor+1
   574     0774  300A               	movlw	10
   575     0775  00F0               	movwf	___llmod@divisor
   576     0776  1283               	bcf	3,5	;RP0=0, select bank0
   577     0777  1303               	bcf	3,6	;RP1=0, select bank0
   578     0778  0823               	movf	Max7219Print@Number+3,w
   579     0779  00F7               	movwf	___llmod@dividend+3
   580     077A  0822               	movf	Max7219Print@Number+2,w
   581     077B  00F6               	movwf	___llmod@dividend+2
   582     077C  0821               	movf	Max7219Print@Number+1,w
   583     077D  00F5               	movwf	___llmod@dividend+1
   584     077E  0820               	movf	Max7219Print@Number,w
   585     077F  00F4               	movwf	___llmod@dividend
   586     0780  120A  118A  2635  120A  118A  	fcall	___llmod
   587     0785  0870               	movf	?___llmod,w
   588     0786  120A  118A  261D  120A  118A  	fcall	_spiWrite
   589     078B                     l782:
   590                           
   591                           ;max.c: 48:      RA5=1;
   592     078B  1283               	bcf	3,5	;RP0=0, select bank0
   593     078C  1303               	bcf	3,6	;RP1=0, select bank0
   594     078D  1685               	bsf	5,5	;volatile
   595                           
   596                           ;max.c: 49:   }
   597     078E  3000               	movlw	0
   598     078F  00F3               	movwf	___lldiv@divisor+3
   599     0790  3000               	movlw	0
   600     0791  00F2               	movwf	___lldiv@divisor+2
   601     0792  3000               	movlw	0
   602     0793  00F1               	movwf	___lldiv@divisor+1
   603     0794  300A               	movlw	10
   604     0795  00F0               	movwf	___lldiv@divisor
   605     0796  0823               	movf	Max7219Print@Number+3,w
   606     0797  00F7               	movwf	___lldiv@dividend+3
   607     0798  0822               	movf	Max7219Print@Number+2,w
   608     0799  00F6               	movwf	___lldiv@dividend+2
   609     079A  0821               	movf	Max7219Print@Number+1,w
   610     079B  00F5               	movwf	___lldiv@dividend+1
   611     079C  0820               	movf	Max7219Print@Number,w
   612     079D  00F4               	movwf	___lldiv@dividend
   613     079E  120A  118A  2689  120A  118A  	fcall	___lldiv
   614     07A3  0873               	movf	?___lldiv+3,w
   615     07A4  1283               	bcf	3,5	;RP0=0, select bank0
   616     07A5  1303               	bcf	3,6	;RP1=0, select bank0
   617     07A6  00A3               	movwf	Max7219Print@Number+3
   618     07A7  0872               	movf	?___lldiv+2,w
   619     07A8  00A2               	movwf	Max7219Print@Number+2
   620     07A9  0871               	movf	?___lldiv+1,w
   621     07AA  00A1               	movwf	Max7219Print@Number+1
   622     07AB  0870               	movf	?___lldiv,w
   623     07AC  00A0               	movwf	Max7219Print@Number
   624     07AD                     l784:
   625     07AD  3001               	movlw	1
   626     07AE  07AE               	addwf	Max7219Print@j,f
   627     07AF  3000               	movlw	0
   628     07B0  1803               	skipnc
   629     07B1  3001               	movlw	1
   630     07B2  07AF               	addwf	Max7219Print@j+1,f
   631     07B3  3000               	movlw	0
   632     07B4  1803               	skipnc
   633     07B5  3001               	movlw	1
   634     07B6  07B0               	addwf	Max7219Print@j+2,f
   635     07B7  3000               	movlw	0
   636     07B8  1803               	skipnc
   637     07B9  3001               	movlw	1
   638     07BA  07B1               	addwf	Max7219Print@j+3,f
   639     07BB                     l786:
   640     07BB  0823               	movf	Max7219Print@Number+3,w
   641     07BC  0422               	iorwf	Max7219Print@Number+2,w
   642     07BD  0421               	iorwf	Max7219Print@Number+1,w
   643     07BE  0420               	iorwf	Max7219Print@Number,w
   644     07BF  1D03               	skipz
   645     07C0  2FC2               	goto	u331
   646     07C1  2FC3               	goto	u330
   647     07C2                     u331:
   648     07C2  2F65               	goto	l28
   649     07C3                     u330:
   650     07C3                     l788:
   651     07C3  0824               	movf	Max7219Print@NumberOfDigits,w
   652     07C4  00A6               	movwf	??_Max7219Print
   653     07C5  0825               	movf	Max7219Print@NumberOfDigits+1,w
   654     07C6  00A7               	movwf	??_Max7219Print+1
   655     07C7  01A8               	clrf	??_Max7219Print+2
   656     07C8  01A9               	clrf	??_Max7219Print+3
   657     07C9  082E               	movf	Max7219Print@j,w
   658     07CA  00AA               	movwf	??_Max7219Print+4
   659     07CB  082F               	movf	Max7219Print@j+1,w
   660     07CC  00AB               	movwf	??_Max7219Print+5
   661     07CD  0830               	movf	Max7219Print@j+2,w
   662     07CE  00AC               	movwf	??_Max7219Print+6
   663     07CF  0831               	movf	Max7219Print@j+3,w
   664     07D0  00AD               	movwf	??_Max7219Print+7
   665     07D1  0826               	movf	??_Max7219Print,w
   666     07D2  02AA               	subwf	??_Max7219Print+4,f
   667     07D3  0827               	movf	??_Max7219Print+1,w
   668     07D4  1C03               	skipc
   669     07D5  0F27               	incfsz	??_Max7219Print+1,w
   670     07D6  2FD8               	goto	u341
   671     07D7  2FD9               	goto	u342
   672     07D8                     u341:
   673     07D8  02AB               	subwf	??_Max7219Print+5,f
   674     07D9                     u342:
   675     07D9  0828               	movf	??_Max7219Print+2,w
   676     07DA  1C03               	skipc
   677     07DB  0F28               	incfsz	??_Max7219Print+2,w
   678     07DC  2FDE               	goto	u343
   679     07DD  2FDF               	goto	u344
   680     07DE                     u343:
   681     07DE  02AC               	subwf	??_Max7219Print+6,f
   682     07DF                     u344:
   683     07DF  0829               	movf	??_Max7219Print+3,w
   684     07E0  1C03               	skipc
   685     07E1  0F29               	incfsz	??_Max7219Print+3,w
   686     07E2  2FE4               	goto	u345
   687     07E3  2FE5               	goto	u346
   688     07E4                     u345:
   689     07E4  02AD               	subwf	??_Max7219Print+7,f
   690     07E5                     u346:
   691     07E5  1BAD               	btfsc	??_Max7219Print+7,7
   692     07E6  2FF7               	goto	u351
   693     07E7  082D               	movf	??_Max7219Print+7,w
   694     07E8  1D03               	btfss	3,2
   695     07E9  2FF8               	goto	u350
   696     07EA  082C               	movf	??_Max7219Print+6,w
   697     07EB  1D03               	btfss	3,2
   698     07EC  2FF8               	goto	u350
   699     07ED  082B               	movf	??_Max7219Print+5,w
   700     07EE  1D03               	btfss	3,2
   701     07EF  2FF8               	goto	u350
   702     07F0  3001               	movlw	1
   703     07F1  022A               	subwf	??_Max7219Print+4,w
   704     07F2  1D03               	skipz
   705     07F3  2FF4               	goto	u353
   706     07F4                     u353:
   707     07F4  1C03               	btfss	3,0
   708     07F5  2FF7               	goto	u351
   709     07F6  2FF8               	goto	u350
   710     07F7                     u351:
   711     07F7  2F65               	goto	l28
   712     07F8                     u350:
   713     07F8                     l30:
   714     07F8  0008               	return
   715     07F9                     __end_of_Max7219Print:
   716                           
   717                           	psect	text3
   718     0635                     __ptext3:	
   719 ;; *************** function ___llmod *****************
   720 ;; Defined at:
   721 ;;		line 5 in file "C:\Program Files\Microchip\xc8\v2.40\pic\sources\c90\common\llmod.c"
   722 ;; Parameters:    Size  Location     Type
   723 ;;  divisor         4    0[COMMON] unsigned long 
   724 ;;  dividend        4    4[COMMON] unsigned long 
   725 ;; Auto vars:     Size  Location     Type
   726 ;;  counter         1    9[COMMON] unsigned char 
   727 ;; Return value:  Size  Location     Type
   728 ;;                  4    0[COMMON] unsigned long 
   729 ;; Registers used:
   730 ;;		wreg, status,2, status,0
   731 ;; Tracked objects:
   732 ;;		On entry : 0/0
   733 ;;		On exit  : 0/0
   734 ;;		Unchanged: 0/0
   735 ;; Data sizes:     COMMON   BANK0   BANK1   BANK3   BANK2
   736 ;;      Params:         8       0       0       0       0
   737 ;;      Locals:         1       0       0       0       0
   738 ;;      Temps:          1       0       0       0       0
   739 ;;      Totals:        10       0       0       0       0
   740 ;;Total ram usage:       10 bytes
   741 ;; Hardware stack levels used: 1
   742 ;; This function calls:
   743 ;;		Nothing
   744 ;; This function is called by:
   745 ;;		_Max7219Print
   746 ;; This function uses a non-reentrant model
   747 ;;
   748                           
   749     0635                     ___llmod:	
   750                           ;psect for function ___llmod
   751                           
   752     0635                     l748:	
   753                           ;incstack = 0
   754                           ; Regs used in ___llmod: [wreg+status,2+status,0]
   755                           
   756     0635  0873               	movf	___llmod@divisor+3,w
   757     0636  0472               	iorwf	___llmod@divisor+2,w
   758     0637  0471               	iorwf	___llmod@divisor+1,w
   759     0638  0470               	iorwf	___llmod@divisor,w
   760     0639  1903               	skipnz
   761     063A  2E3C               	goto	u271
   762     063B  2E3D               	goto	u270
   763     063C                     u271:
   764     063C  2E80               	goto	l764
   765     063D                     u270:
   766     063D                     l750:
   767     063D  01F9               	clrf	___llmod@counter
   768     063E  0AF9               	incf	___llmod@counter,f
   769     063F  2E4D               	goto	l754
   770     0640                     l752:
   771     0640  3001               	movlw	1
   772     0641  00F8               	movwf	??___llmod
   773     0642                     u285:
   774     0642  1003               	clrc
   775     0643  0DF0               	rlf	___llmod@divisor,f
   776     0644  0DF1               	rlf	___llmod@divisor+1,f
   777     0645  0DF2               	rlf	___llmod@divisor+2,f
   778     0646  0DF3               	rlf	___llmod@divisor+3,f
   779     0647  0BF8               	decfsz	??___llmod,f
   780     0648  2E42               	goto	u285
   781     0649  3001               	movlw	1
   782     064A  00F8               	movwf	??___llmod
   783     064B  0878               	movf	??___llmod,w
   784     064C  07F9               	addwf	___llmod@counter,f
   785     064D                     l754:
   786     064D  1FF3               	btfss	___llmod@divisor+3,7
   787     064E  2E50               	goto	u291
   788     064F  2E51               	goto	u290
   789     0650                     u291:
   790     0650  2E40               	goto	l752
   791     0651                     u290:
   792     0651                     l756:
   793     0651  0873               	movf	___llmod@divisor+3,w
   794     0652  0277               	subwf	___llmod@dividend+3,w
   795     0653  1D03               	skipz
   796     0654  2E5F               	goto	u305
   797     0655  0872               	movf	___llmod@divisor+2,w
   798     0656  0276               	subwf	___llmod@dividend+2,w
   799     0657  1D03               	skipz
   800     0658  2E5F               	goto	u305
   801     0659  0871               	movf	___llmod@divisor+1,w
   802     065A  0275               	subwf	___llmod@dividend+1,w
   803     065B  1D03               	skipz
   804     065C  2E5F               	goto	u305
   805     065D  0870               	movf	___llmod@divisor,w
   806     065E  0274               	subwf	___llmod@dividend,w
   807     065F                     u305:
   808     065F  1C03               	skipc
   809     0660  2E62               	goto	u301
   810     0661  2E63               	goto	u300
   811     0662                     u301:
   812     0662  2E71               	goto	l760
   813     0663                     u300:
   814     0663                     l758:
   815     0663  0870               	movf	___llmod@divisor,w
   816     0664  02F4               	subwf	___llmod@dividend,f
   817     0665  0871               	movf	___llmod@divisor+1,w
   818     0666  1C03               	skipc
   819     0667  0F71               	incfsz	___llmod@divisor+1,w
   820     0668  02F5               	subwf	___llmod@dividend+1,f
   821     0669  0872               	movf	___llmod@divisor+2,w
   822     066A  1C03               	skipc
   823     066B  0F72               	incfsz	___llmod@divisor+2,w
   824     066C  02F6               	subwf	___llmod@dividend+2,f
   825     066D  0873               	movf	___llmod@divisor+3,w
   826     066E  1C03               	skipc
   827     066F  0F73               	incfsz	___llmod@divisor+3,w
   828     0670  02F7               	subwf	___llmod@dividend+3,f
   829     0671                     l760:
   830     0671  3001               	movlw	1
   831     0672                     u315:
   832     0672  1003               	clrc
   833     0673  0CF3               	rrf	___llmod@divisor+3,f
   834     0674  0CF2               	rrf	___llmod@divisor+2,f
   835     0675  0CF1               	rrf	___llmod@divisor+1,f
   836     0676  0CF0               	rrf	___llmod@divisor,f
   837     0677  3EFF               	addlw	-1
   838     0678  1D03               	skipz
   839     0679  2E72               	goto	u315
   840     067A                     l762:
   841     067A  3001               	movlw	1
   842     067B  02F9               	subwf	___llmod@counter,f
   843     067C  1D03               	btfss	3,2
   844     067D  2E7F               	goto	u321
   845     067E  2E80               	goto	u320
   846     067F                     u321:
   847     067F  2E51               	goto	l756
   848     0680                     u320:
   849     0680                     l764:
   850     0680  0877               	movf	___llmod@dividend+3,w
   851     0681  00F3               	movwf	?___llmod+3
   852     0682  0876               	movf	___llmod@dividend+2,w
   853     0683  00F2               	movwf	?___llmod+2
   854     0684  0875               	movf	___llmod@dividend+1,w
   855     0685  00F1               	movwf	?___llmod+1
   856     0686  0874               	movf	___llmod@dividend,w
   857     0687  00F0               	movwf	?___llmod
   858     0688                     l350:
   859     0688  0008               	return
   860     0689                     __end_of___llmod:
   861                           
   862                           	psect	text4
   863     0689                     __ptext4:	
   864 ;; *************** function ___lldiv *****************
   865 ;; Defined at:
   866 ;;		line 5 in file "C:\Program Files\Microchip\xc8\v2.40\pic\sources\c90\common\__lldiv.c"
   867 ;; Parameters:    Size  Location     Type
   868 ;;  divisor         4    0[COMMON] unsigned long 
   869 ;;  dividend        4    4[COMMON] unsigned long 
   870 ;; Auto vars:     Size  Location     Type
   871 ;;  quotient        4    9[COMMON] unsigned long 
   872 ;;  counter         1   13[COMMON] unsigned char 
   873 ;; Return value:  Size  Location     Type
   874 ;;                  4    0[COMMON] unsigned long 
   875 ;; Registers used:
   876 ;;		wreg, status,2, status,0
   877 ;; Tracked objects:
   878 ;;		On entry : 0/0
   879 ;;		On exit  : 0/0
   880 ;;		Unchanged: 0/0
   881 ;; Data sizes:     COMMON   BANK0   BANK1   BANK3   BANK2
   882 ;;      Params:         8       0       0       0       0
   883 ;;      Locals:         5       0       0       0       0
   884 ;;      Temps:          1       0       0       0       0
   885 ;;      Totals:        14       0       0       0       0
   886 ;;Total ram usage:       14 bytes
   887 ;; Hardware stack levels used: 1
   888 ;; This function calls:
   889 ;;		Nothing
   890 ;; This function is called by:
   891 ;;		_Max7219Print
   892 ;; This function uses a non-reentrant model
   893 ;;
   894                           
   895     0689                     ___lldiv:	
   896                           ;psect for function ___lldiv
   897                           
   898     0689                     l724:	
   899                           ;incstack = 0
   900                           ; Regs used in ___lldiv: [wreg+status,2+status,0]
   901                           
   902     0689  3000               	movlw	0
   903     068A  00FC               	movwf	___lldiv@quotient+3
   904     068B  3000               	movlw	0
   905     068C  00FB               	movwf	___lldiv@quotient+2
   906     068D  3000               	movlw	0
   907     068E  00FA               	movwf	___lldiv@quotient+1
   908     068F  3000               	movlw	0
   909     0690  00F9               	movwf	___lldiv@quotient
   910     0691  0873               	movf	___lldiv@divisor+3,w
   911     0692  0472               	iorwf	___lldiv@divisor+2,w
   912     0693  0471               	iorwf	___lldiv@divisor+1,w
   913     0694  0470               	iorwf	___lldiv@divisor,w
   914     0695  1903               	skipnz
   915     0696  2E98               	goto	u201
   916     0697  2E99               	goto	u200
   917     0698                     u201:
   918     0698  2EE6               	goto	l744
   919     0699                     u200:
   920     0699                     l726:
   921     0699  01FD               	clrf	___lldiv@counter
   922     069A  0AFD               	incf	___lldiv@counter,f
   923     069B  2EA9               	goto	l730
   924     069C                     l728:
   925     069C  3001               	movlw	1
   926     069D  00F8               	movwf	??___lldiv
   927     069E                     u215:
   928     069E  1003               	clrc
   929     069F  0DF0               	rlf	___lldiv@divisor,f
   930     06A0  0DF1               	rlf	___lldiv@divisor+1,f
   931     06A1  0DF2               	rlf	___lldiv@divisor+2,f
   932     06A2  0DF3               	rlf	___lldiv@divisor+3,f
   933     06A3  0BF8               	decfsz	??___lldiv,f
   934     06A4  2E9E               	goto	u215
   935     06A5  3001               	movlw	1
   936     06A6  00F8               	movwf	??___lldiv
   937     06A7  0878               	movf	??___lldiv,w
   938     06A8  07FD               	addwf	___lldiv@counter,f
   939     06A9                     l730:
   940     06A9  1FF3               	btfss	___lldiv@divisor+3,7
   941     06AA  2EAC               	goto	u221
   942     06AB  2EAD               	goto	u220
   943     06AC                     u221:
   944     06AC  2E9C               	goto	l728
   945     06AD                     u220:
   946     06AD                     l732:
   947     06AD  3001               	movlw	1
   948     06AE  00F8               	movwf	??___lldiv
   949     06AF                     u235:
   950     06AF  1003               	clrc
   951     06B0  0DF9               	rlf	___lldiv@quotient,f
   952     06B1  0DFA               	rlf	___lldiv@quotient+1,f
   953     06B2  0DFB               	rlf	___lldiv@quotient+2,f
   954     06B3  0DFC               	rlf	___lldiv@quotient+3,f
   955     06B4  0BF8               	decfsz	??___lldiv,f
   956     06B5  2EAF               	goto	u235
   957     06B6                     l734:
   958     06B6  0873               	movf	___lldiv@divisor+3,w
   959     06B7  0277               	subwf	___lldiv@dividend+3,w
   960     06B8  1D03               	skipz
   961     06B9  2EC4               	goto	u245
   962     06BA  0872               	movf	___lldiv@divisor+2,w
   963     06BB  0276               	subwf	___lldiv@dividend+2,w
   964     06BC  1D03               	skipz
   965     06BD  2EC4               	goto	u245
   966     06BE  0871               	movf	___lldiv@divisor+1,w
   967     06BF  0275               	subwf	___lldiv@dividend+1,w
   968     06C0  1D03               	skipz
   969     06C1  2EC4               	goto	u245
   970     06C2  0870               	movf	___lldiv@divisor,w
   971     06C3  0274               	subwf	___lldiv@dividend,w
   972     06C4                     u245:
   973     06C4  1C03               	skipc
   974     06C5  2EC7               	goto	u241
   975     06C6  2EC8               	goto	u240
   976     06C7                     u241:
   977     06C7  2ED7               	goto	l740
   978     06C8                     u240:
   979     06C8                     l736:
   980     06C8  0870               	movf	___lldiv@divisor,w
   981     06C9  02F4               	subwf	___lldiv@dividend,f
   982     06CA  0871               	movf	___lldiv@divisor+1,w
   983     06CB  1C03               	skipc
   984     06CC  0F71               	incfsz	___lldiv@divisor+1,w
   985     06CD  02F5               	subwf	___lldiv@dividend+1,f
   986     06CE  0872               	movf	___lldiv@divisor+2,w
   987     06CF  1C03               	skipc
   988     06D0  0F72               	incfsz	___lldiv@divisor+2,w
   989     06D1  02F6               	subwf	___lldiv@dividend+2,f
   990     06D2  0873               	movf	___lldiv@divisor+3,w
   991     06D3  1C03               	skipc
   992     06D4  0F73               	incfsz	___lldiv@divisor+3,w
   993     06D5  02F7               	subwf	___lldiv@dividend+3,f
   994     06D6                     l738:
   995     06D6  1479               	bsf	___lldiv@quotient,0
   996     06D7                     l740:
   997     06D7  3001               	movlw	1
   998     06D8                     u255:
   999     06D8  1003               	clrc
  1000     06D9  0CF3               	rrf	___lldiv@divisor+3,f
  1001     06DA  0CF2               	rrf	___lldiv@divisor+2,f
  1002     06DB  0CF1               	rrf	___lldiv@divisor+1,f
  1003     06DC  0CF0               	rrf	___lldiv@divisor,f
  1004     06DD  3EFF               	addlw	-1
  1005     06DE  1D03               	skipz
  1006     06DF  2ED8               	goto	u255
  1007     06E0                     l742:
  1008     06E0  3001               	movlw	1
  1009     06E1  02FD               	subwf	___lldiv@counter,f
  1010     06E2  1D03               	btfss	3,2
  1011     06E3  2EE5               	goto	u261
  1012     06E4  2EE6               	goto	u260
  1013     06E5                     u261:
  1014     06E5  2EAD               	goto	l732
  1015     06E6                     u260:
  1016     06E6                     l744:
  1017     06E6  087C               	movf	___lldiv@quotient+3,w
  1018     06E7  00F3               	movwf	?___lldiv+3
  1019     06E8  087B               	movf	___lldiv@quotient+2,w
  1020     06E9  00F2               	movwf	?___lldiv+2
  1021     06EA  087A               	movf	___lldiv@quotient+1,w
  1022     06EB  00F1               	movwf	?___lldiv+1
  1023     06EC  0879               	movf	___lldiv@quotient,w
  1024     06ED  00F0               	movwf	?___lldiv
  1025     06EE                     l164:
  1026     06EE  0008               	return
  1027     06EF                     __end_of___lldiv:
  1028                           
  1029                           	psect	text5
  1030     0609                     __ptext5:	
  1031 ;; *************** function _MAX7219_write *****************
  1032 ;; Defined at:
  1033 ;;		line 31 in file "max.c"
  1034 ;; Parameters:    Size  Location     Type
  1035 ;;  reg1            1    wreg     unsigned char 
  1036 ;;  data1           1    4[COMMON] unsigned char 
  1037 ;; Auto vars:     Size  Location     Type
  1038 ;;  reg1            1    5[COMMON] unsigned char 
  1039 ;; Return value:  Size  Location     Type
  1040 ;;                  1    wreg      void 
  1041 ;; Registers used:
  1042 ;;		wreg, status,2, status,0, pclath, cstack
  1043 ;; Tracked objects:
  1044 ;;		On entry : 0/0
  1045 ;;		On exit  : 0/0
  1046 ;;		Unchanged: 0/0
  1047 ;; Data sizes:     COMMON   BANK0   BANK1   BANK3   BANK2
  1048 ;;      Params:         1       0       0       0       0
  1049 ;;      Locals:         1       0       0       0       0
  1050 ;;      Temps:          0       0       0       0       0
  1051 ;;      Totals:         2       0       0       0       0
  1052 ;;Total ram usage:        2 bytes
  1053 ;; Hardware stack levels used: 1
  1054 ;; Hardware stack levels required when called: 1
  1055 ;; This function calls:
  1056 ;;		_spiWrite
  1057 ;; This function is called by:
  1058 ;;		_main
  1059 ;; This function uses a non-reentrant model
  1060 ;;
  1061                           
  1062     0609                     _MAX7219_write:	
  1063                           ;psect for function _MAX7219_write
  1064                           
  1065                           
  1066                           ;incstack = 0
  1067                           ; Regs used in _MAX7219_write: [wreg+status,2+status,0+pclath+cstack]
  1068                           ;MAX7219_write@reg1 stored from wreg
  1069     0609  00F5               	movwf	MAX7219_write@reg1
  1070     060A                     l772:
  1071                           
  1072                           ;max.c: 31: void MAX7219_write(char reg1, char data1);max.c: 32: {;max.c: 33:  RA5 = 0;
  1073     060A  1283               	bcf	3,5	;RP0=0, select bank0
  1074     060B  1303               	bcf	3,6	;RP1=0, select bank0
  1075     060C  1285               	bcf	5,5	;volatile
  1076     060D                     l774:
  1077                           
  1078                           ;max.c: 35:   spiWrite(reg1);
  1079     060D  0875               	movf	MAX7219_write@reg1,w
  1080     060E  120A  118A  261D  120A  118A  	fcall	_spiWrite
  1081                           
  1082                           ;max.c: 36:   spiWrite(data1);
  1083     0613  0874               	movf	MAX7219_write@data1,w
  1084     0614  120A  118A  261D  120A  118A  	fcall	_spiWrite
  1085     0619                     l776:
  1086                           
  1087                           ;max.c: 38:    RA5 = 1;
  1088     0619  1283               	bcf	3,5	;RP0=0, select bank0
  1089     061A  1303               	bcf	3,6	;RP1=0, select bank0
  1090     061B  1685               	bsf	5,5	;volatile
  1091     061C                     l24:
  1092     061C  0008               	return
  1093     061D                     __end_of_MAX7219_write:
  1094                           
  1095                           	psect	text6
  1096     061D                     __ptext6:	
  1097 ;; *************** function _spiWrite *****************
  1098 ;; Defined at:
  1099 ;;		line 22 in file "max.c"
  1100 ;; Parameters:    Size  Location     Type
  1101 ;;  cmd             1    wreg     unsigned char 
  1102 ;; Auto vars:     Size  Location     Type
  1103 ;;  cmd             1    3[COMMON] unsigned char 
  1104 ;; Return value:  Size  Location     Type
  1105 ;;                  1    wreg      void 
  1106 ;; Registers used:
  1107 ;;		wreg
  1108 ;; Tracked objects:
  1109 ;;		On entry : 0/0
  1110 ;;		On exit  : 0/0
  1111 ;;		Unchanged: 0/0
  1112 ;; Data sizes:     COMMON   BANK0   BANK1   BANK3   BANK2
  1113 ;;      Params:         0       0       0       0       0
  1114 ;;      Locals:         1       0       0       0       0
  1115 ;;      Temps:          3       0       0       0       0
  1116 ;;      Totals:         4       0       0       0       0
  1117 ;;Total ram usage:        4 bytes
  1118 ;; Hardware stack levels used: 1
  1119 ;; This function calls:
  1120 ;;		Nothing
  1121 ;; This function is called by:
  1122 ;;		_MAX7219_write
  1123 ;;		_Max7219Print
  1124 ;; This function uses a non-reentrant model
  1125 ;;
  1126                           
  1127     061D                     _spiWrite:	
  1128                           ;psect for function _spiWrite
  1129                           
  1130                           
  1131                           ;incstack = 0
  1132                           ; Regs used in _spiWrite: [wreg]
  1133                           ;spiWrite@cmd stored from wreg
  1134     061D  00F3               	movwf	spiWrite@cmd
  1135     061E                     l720:
  1136                           
  1137                           ;max.c: 22: void spiWrite(unsigned char cmd);max.c: 23: {;max.c: 24:  SSPBUF = cmd;
  1138     061E  0873               	movf	spiWrite@cmd,w
  1139     061F  1283               	bcf	3,5	;RP0=0, select bank0
  1140     0620  1303               	bcf	3,6	;RP1=0, select bank0
  1141     0621  0093               	movwf	19	;volatile
  1142     0622                     l18:	
  1143                           ;max.c: 25:  while(!SSPIF);
  1144                           
  1145     0622  1D8C               	btfss	12,3	;volatile
  1146     0623  2E25               	goto	u191
  1147     0624  2E26               	goto	u190
  1148     0625                     u191:
  1149     0625  2E22               	goto	l18
  1150     0626                     u190:
  1151     0626                     l20:
  1152                           
  1153                           ;max.c: 26:  SSPIF=0;
  1154     0626  118C               	bcf	12,3	;volatile
  1155     0627                     l722:
  1156                           
  1157                           ;max.c: 27:  _delay((unsigned long)((1000)*(16000000/4000.0)));
  1158     0627  3015               	movlw	21
  1159     0628  00F2               	movwf	??_spiWrite+2
  1160     0629  304B               	movlw	75
  1161     062A  00F1               	movwf	??_spiWrite+1
  1162     062B  30BE               	movlw	190
  1163     062C  00F0               	movwf	??_spiWrite
  1164     062D                     u387:
  1165     062D  0BF0               	decfsz	??_spiWrite,f
  1166     062E  2E2D               	goto	u387
  1167     062F  0BF1               	decfsz	??_spiWrite+1,f
  1168     0630  2E2D               	goto	u387
  1169     0631  0BF2               	decfsz	??_spiWrite+2,f
  1170     0632  2E2D               	goto	u387
  1171     0633  0000               	nop
  1172     0634                     l21:
  1173     0634  0008               	return
  1174     0635                     __end_of_spiWrite:
  1175     007E                     btemp	set	126	;btemp
  1176     007E                     wtemp0	set	126

Data Sizes:
    Strings     0
    Constant    0
    Data        0
    BSS         1
    Persistent  0
    Stack       0

Auto Spaces:
    Space          Size  Autos    Used
    COMMON           14     14      14
    BANK0            80     22      23
    BANK1            80      0       0
    BANK3            96      0       0
    BANK2            96      0       0

Pointer List with Targets:

    None.

Critical Paths under _main in COMMON

    _Max7219Print->___lldiv
    _MAX7219_write->_spiWrite

Critical Paths under _main in BANK0

    _main->_Max7219Print

Critical Paths under _main in BANK1

    None.

Critical Paths under _main in BANK3

    None.

Critical Paths under _main in BANK2

    None.

Call Graph Tables:

 ---------------------------------------------------------------------------------
 (Depth) Function   	        Calls       Base Space   Used Autos Params    Refs
 ---------------------------------------------------------------------------------
 (0) _main                                                 4     4      0    1456
                                             18 BANK0      4     4      0
                      _MAX7219_write
                       _Max7219Print
                           _spi_init
 ---------------------------------------------------------------------------------
 (1) _spi_init                                             0     0      0       0
 ---------------------------------------------------------------------------------
 (1) _Max7219Print                                        18    12      6     934
                                              0 BANK0     18    12      6
                            ___lldiv
                            ___llmod
                           _spiWrite
 ---------------------------------------------------------------------------------
 (2) ___llmod                                             10     2      8     311
                                              0 COMMON    10     2      8
 ---------------------------------------------------------------------------------
 (2) ___lldiv                                             14     6      8     314
                                              0 COMMON    14     6      8
 ---------------------------------------------------------------------------------
 (1) _MAX7219_write                                        2     1      1     522
                                              4 COMMON     2     1      1
                           _spiWrite
 ---------------------------------------------------------------------------------
 (2) _spiWrite                                             4     4      0      22
                                              0 COMMON     4     4      0
 ---------------------------------------------------------------------------------
 Estimated maximum stack depth 2
 ---------------------------------------------------------------------------------

 Call Graph Graphs:

 _main (ROOT)
   _MAX7219_write
     _spiWrite
   _Max7219Print
     ___lldiv
     ___llmod
     _spiWrite
   _spi_init

 Address spaces:
Name               Size   Autos  Total    Cost      Usage
BITCOMMON            E      0       0       0        0.0%
EEDATA             100      0       0       0        0.0%
NULL                 0      0       0       0        0.0%
CODE                 0      0       0       0        0.0%
COMMON               E      E       E       1      100.0%
BITSFR0              0      0       0       1        0.0%
SFR0                 0      0       0       1        0.0%
BITSFR1              0      0       0       2        0.0%
SFR1                 0      0       0       2        0.0%
STACK                0      0       0       2        0.0%
ABS                  0      0      25       3        0.0%
BITBANK0            50      0       0       4        0.0%
BITSFR3              0      0       0       4        0.0%
SFR3                 0      0       0       4        0.0%
BANK0               50     16      17       5       28.7%
BITSFR2              0      0       0       5        0.0%
SFR2                 0      0       0       5        0.0%
BITBANK1            50      0       0       6        0.0%
BANK1               50      0       0       7        0.0%
BITBANK3            60      0       0       8        0.0%
BANK3               60      0       0       9        0.0%
BITBANK2            60      0       0      10        0.0%
BANK2               60      0       0      11        0.0%
DATA                 0      0      25      12        0.0%


Microchip Technology PIC Macro Assembler V2.40 build 20220703182018 
Symbol Table                                                                                   Wed Feb 15 18:00:07 2023

                         _i 0036                          l20 0626                          l21 0634  
                        l30 07F8                          l15 0608                          l24 061C  
                        l18 0622                          l28 0765                         l164 06EE  
                       l350 0688                         l720 061E                         l800 073B  
                       l722 0627                         l730 06A9                         l802 074A  
                       l740 06D7                         l732 06AD                         l724 0689  
                       l804 0750                         l742 06E0                         l734 06B6  
                       l726 0699                         l750 063D                         l736 06C8  
                       l728 069C                         l744 06E6                         l760 0671  
                       l752 0640                         l738 06D6                         l762 067A  
                       l754 064D                         l770 0605                         l772 060A  
                       l756 0651                         l764 0680                         l748 0635  
                       l780 0768                         l774 060D                         l758 0663  
                       l782 078B                         l790 06EF                         l776 0619  
                       l784 07AD                         l768 0601                         l792 0722  
                       l786 07BB                         l778 075A                         l788 07C3  
                       l798 0725                         _RA5 002D                         u200 0699  
                       u201 0698                         u220 06AD                         u300 0663  
                       u221 06AC                         u301 0662                         u215 069E  
                       u240 06C8                         u320 0680                         u241 06C7  
                       u321 067F                         u305 065F                         u330 07C3  
                       u235 06AF                         u315 0672                         u331 07C2  
                       u260 06E6                         u261 06E5                         u245 06C4  
                       u341 07D8                         u190 0626                         u270 063D  
                       u350 07F8                         u342 07D9                         u191 0625  
                       u255 06D8                         u271 063C                         u351 07F7  
                       u343 07DE                         u344 07DF                         u360 0756  
                       u353 07F4                         u345 07E4                         u361 0755  
                       u290 0651                         u346 07E5                         u291 0650  
                       u285 0642                         u377 0743                         u387 062D  
                      _main 06EF                        btemp 007E                        start 0000  
                     ?_main 0070          Max7219Print@Number 0020             __end_of___lldiv 06EF  
           __end_of___llmod 0689                       _SSPIF 0063                       status 0003  
                     wtemp0 007E             __initialization 07F9                __end_of_main 075A  
                    ??_main 0032                _Max7219Print 075A            ___llmod@dividend 0074  
                    _SSPCON 0014                      _SSPBUF 0013                   ??___lldiv 0078  
                 ??___llmod 0078            __end_of_spiWrite 0635            __end_of_spi_init 0609  
     __end_of_MAX7219_write 061D     __end_of__initialization 07FC              __pcstackCOMMON 0070  
                __pbssBANK0 0036                  __pmaintext 06EF                     _SSPSTAT 0094  
         MAX7219_write@reg1 0075                   ?_spiWrite 0070                   ?_spi_init 0070  
                   ___lldiv 0689                     ___llmod 0635                     __ptext1 0601  
                   __ptext2 075A                     __ptext3 0635                     __ptext4 0689  
                   __ptext5 0609                     __ptext6 061D        end_of_initialization 07FC  
           ___lldiv@divisor 0070             ___lldiv@counter 007D                  ??_spiWrite 0070  
                ??_spi_init 0070                 spiWrite@cmd 0073         start_initialization 07F9  
           ___llmod@divisor 0070             ___llmod@counter 0079                   ___latbits 0002  
             __pcstackBANK0 0020                    ?___lldiv 0070                    ?___llmod 0070  
             ?_Max7219Print 0020  Max7219Print@NumberOfDigits 0024               _MAX7219_write 0609  
        MAX7219_write@data1 0074              ??_Max7219Print 0026              ?_MAX7219_write 0074  
                  _spiWrite 061D                    _spi_init 0601             ??_MAX7219_write 0075  
          ___lldiv@dividend 0074        __end_of_Max7219Print 07F9               Max7219Print@j 002E  
          ___lldiv@quotient 0079  
